[0.627s] Invoking command in '/home/ivan-antony-babu/Indoor_Mapping/ros2_ws/src/my_first_package': DEBUGINFOD_URLS=https://debuginfod.ubuntu.com PYTHONPATH=/home/ivan-antony-babu/Indoor_Mapping/ros2_ws/build/my_first_package/prefix_override:/usr/lib/python3/dist-packages/colcon_core/task/python/colcon_distutils_commands:/home/ivan-antony-babu/Indoor_Mapping/ros2_ws/install/my_first_package/lib/python3.12/site-packages:${PYTHONPATH} /usr/bin/python3 -W ignore:setup.py install is deprecated -W ignore:easy_install command is deprecated setup.py egg_info --egg-base ../../build/my_first_package build --build-base /home/ivan-antony-babu/Indoor_Mapping/ros2_ws/build/my_first_package/build install --record /home/ivan-antony-babu/Indoor_Mapping/ros2_ws/build/my_first_package/install.log --single-version-externally-managed install_data
[0.763s] running egg_info
[0.763s] creating ../../build/my_first_package/my_first_package.egg-info
[0.772s] writing ../../build/my_first_package/my_first_package.egg-info/PKG-INFO
[0.772s] writing dependency_links to ../../build/my_first_package/my_first_package.egg-info/dependency_links.txt
[0.772s] writing requirements to ../../build/my_first_package/my_first_package.egg-info/requires.txt
[0.772s] writing top-level names to ../../build/my_first_package/my_first_package.egg-info/top_level.txt
[0.772s] writing manifest file '../../build/my_first_package/my_first_package.egg-info/SOURCES.txt'
[0.789s] reading manifest file '../../build/my_first_package/my_first_package.egg-info/SOURCES.txt'
[0.789s] writing manifest file '../../build/my_first_package/my_first_package.egg-info/SOURCES.txt'
[0.790s] running build
[0.790s] running build_py
[0.790s] creating /home/ivan-antony-babu/Indoor_Mapping/ros2_ws/build/my_first_package/build
[0.790s] creating /home/ivan-antony-babu/Indoor_Mapping/ros2_ws/build/my_first_package/build/lib
[0.790s] creating /home/ivan-antony-babu/Indoor_Mapping/ros2_ws/build/my_first_package/build/lib/my_first_package
[0.790s] copying my_first_package/__init__.py -> /home/ivan-antony-babu/Indoor_Mapping/ros2_ws/build/my_first_package/build/lib/my_first_package
[0.790s] running install
[0.793s] running install_lib
[0.802s] creating /home/ivan-antony-babu/Indoor_Mapping/ros2_ws/install/my_first_package/lib/python3.12/site-packages/my_first_package
[0.802s] copying /home/ivan-antony-babu/Indoor_Mapping/ros2_ws/build/my_first_package/build/lib/my_first_package/__init__.py -> /home/ivan-antony-babu/Indoor_Mapping/ros2_ws/install/my_first_package/lib/python3.12/site-packages/my_first_package
[0.802s] byte-compiling /home/ivan-antony-babu/Indoor_Mapping/ros2_ws/install/my_first_package/lib/python3.12/site-packages/my_first_package/__init__.py to __init__.cpython-312.pyc
[0.802s] running install_data
[0.802s] creating /home/ivan-antony-babu/Indoor_Mapping/ros2_ws/install/my_first_package/share/ament_index
[0.802s] creating /home/ivan-antony-babu/Indoor_Mapping/ros2_ws/install/my_first_package/share/ament_index/resource_index
[0.802s] creating /home/ivan-antony-babu/Indoor_Mapping/ros2_ws/install/my_first_package/share/ament_index/resource_index/packages
[0.802s] copying resource/my_first_package -> /home/ivan-antony-babu/Indoor_Mapping/ros2_ws/install/my_first_package/share/ament_index/resource_index/packages
[0.802s] copying package.xml -> /home/ivan-antony-babu/Indoor_Mapping/ros2_ws/install/my_first_package/share/my_first_package
[0.802s] running install_egg_info
[0.812s] Copying ../../build/my_first_package/my_first_package.egg-info to /home/ivan-antony-babu/Indoor_Mapping/ros2_ws/install/my_first_package/lib/python3.12/site-packages/my_first_package-0.0.0-py3.12.egg-info
[0.812s] running install_scripts
[0.873s] writing list of installed files to '/home/ivan-antony-babu/Indoor_Mapping/ros2_ws/build/my_first_package/install.log'
[0.886s] Invoked command in '/home/ivan-antony-babu/Indoor_Mapping/ros2_ws/src/my_first_package' returned '0': DEBUGINFOD_URLS=https://debuginfod.ubuntu.com PYTHONPATH=/home/ivan-antony-babu/Indoor_Mapping/ros2_ws/build/my_first_package/prefix_override:/usr/lib/python3/dist-packages/colcon_core/task/python/colcon_distutils_commands:/home/ivan-antony-babu/Indoor_Mapping/ros2_ws/install/my_first_package/lib/python3.12/site-packages:${PYTHONPATH} /usr/bin/python3 -W ignore:setup.py install is deprecated -W ignore:easy_install command is deprecated setup.py egg_info --egg-base ../../build/my_first_package build --build-base /home/ivan-antony-babu/Indoor_Mapping/ros2_ws/build/my_first_package/build install --record /home/ivan-antony-babu/Indoor_Mapping/ros2_ws/build/my_first_package/install.log --single-version-externally-managed install_data
